c:\unreal engine 5\github\3d_programming_file_2\3d_programming_file_2\3d_programming_file_2\x64\debug\vc143.pdb
c:\unreal engine 5\github\3d_programming_file_2\3d_programming_file_2\3d_programming_file_2\x64\debug\vc143.idb
c:\unreal engine 5\github\3d_programming_file_2\3d_programming_file_2\3d_programming_file_2\x64\debug\player.obj
c:\unreal engine 5\github\3d_programming_file_2\3d_programming_file_2\3d_programming_file_2\x64\debug\object.obj
c:\unreal engine 5\github\3d_programming_file_2\3d_programming_file_2\3d_programming_file_2\x64\debug\npc.obj
c:\unreal engine 5\github\3d_programming_file_2\3d_programming_file_2\3d_programming_file_2\x64\debug\main.obj
c:\unreal engine 5\github\3d_programming_file_2\3d_programming_file_2\3d_programming_file_2\x64\debug\experimental.obj
c:\unreal engine 5\github\3d_programming_file_2\3d_programming_file_2\3d_programming_file_2\x64\debug\camera.obj
c:\unreal engine 5\github\3d_programming_file_2\3d_programming_file_2\x64\debug\3d_programming_file_2.pdb
c:\unreal engine 5\github\3d_programming_file_2\3d_programming_file_2\3d_programming_file_2\x64\debug\3d_progr.cf06af99.tlog\cl.command.1.tlog
c:\unreal engine 5\github\3d_programming_file_2\3d_programming_file_2\3d_programming_file_2\x64\debug\3d_progr.cf06af99.tlog\cl.read.1.tlog
c:\unreal engine 5\github\3d_programming_file_2\3d_programming_file_2\3d_programming_file_2\x64\debug\3d_progr.cf06af99.tlog\cl.write.1.tlog
c:\unreal engine 5\github\3d_programming_file_2\3d_programming_file_2\3d_programming_file_2\x64\debug\3d_progr.cf06af99.tlog\link-cvtres.read.1.tlog
c:\unreal engine 5\github\3d_programming_file_2\3d_programming_file_2\3d_programming_file_2\x64\debug\3d_progr.cf06af99.tlog\link-cvtres.write.1.tlog
c:\unreal engine 5\github\3d_programming_file_2\3d_programming_file_2\3d_programming_file_2\x64\debug\3d_progr.cf06af99.tlog\link-rc.read.1.tlog
c:\unreal engine 5\github\3d_programming_file_2\3d_programming_file_2\3d_programming_file_2\x64\debug\3d_progr.cf06af99.tlog\link-rc.write.1.tlog
c:\unreal engine 5\github\3d_programming_file_2\3d_programming_file_2\3d_programming_file_2\x64\debug\3d_progr.cf06af99.tlog\link.command.1.tlog
c:\unreal engine 5\github\3d_programming_file_2\3d_programming_file_2\3d_programming_file_2\x64\debug\3d_progr.cf06af99.tlog\link.read.1.tlog
c:\unreal engine 5\github\3d_programming_file_2\3d_programming_file_2\3d_programming_file_2\x64\debug\3d_progr.cf06af99.tlog\link.read.2.tlog
c:\unreal engine 5\github\3d_programming_file_2\3d_programming_file_2\3d_programming_file_2\x64\debug\3d_progr.cf06af99.tlog\link.write.1.tlog
